<?xml version="1.0" encoding="UTF-8"?>
<testng-results ignored="0" total="1" passed="1" failed="0" skipped="0">
  <reporter-output>
  </reporter-output>
  <suite started-at="2022-09-19T10:15:06Z" name="TestNGFrame" finished-at="2022-09-19T10:15:40Z" duration-ms="33767">
    <groups>
    </groups>
    <test started-at="2022-09-19T10:15:06Z" name="Demosite Test" finished-at="2022-09-19T10:15:40Z" duration-ms="33767">
      <class name="Com.Demosite.testCases.Tc_LoginTest_001">
        <test-method is-config="true" signature="setUp(java.lang.String)[pri:0, instance:Com.Demosite.testCases.Tc_LoginTest_001@75f32542]" started-at="2022-09-19T10:15:06Z" name="setUp" finished-at="2022-09-19T10:15:21Z" duration-ms="14552" status="PASS">
          <params>
            <param index="0">
              <value>
                <![CDATA[chrome]]>
              </value>
            </param>
          </params>
          <reporter-output>
          </reporter-output>
        </test-method> <!-- setUp -->
        <test-method is-config="true" signature="objectIntialize()[pri:0, instance:Com.Demosite.testCases.Tc_LoginTest_001@75f32542]" started-at="2022-09-19T10:15:21Z" name="objectIntialize" finished-at="2022-09-19T10:15:21Z" duration-ms="125" status="PASS">
          <reporter-output>
          </reporter-output>
        </test-method> <!-- objectIntialize -->
        <test-method signature="loginTest()[pri:0, instance:Com.Demosite.testCases.Tc_LoginTest_001@75f32542]" started-at="2022-09-19T10:15:21Z" name="loginTest" finished-at="2022-09-19T10:15:39Z" duration-ms="17517" status="PASS">
          <reporter-output>
          </reporter-output>
        </test-method> <!-- loginTest -->
        <test-method is-config="true" signature="tearDown()[pri:0, instance:Com.Demosite.testCases.Tc_LoginTest_001@75f32542]" started-at="2022-09-19T10:15:39Z" name="tearDown" finished-at="2022-09-19T10:15:40Z" duration-ms="1290" status="PASS">
          <reporter-output>
          </reporter-output>
        </test-method> <!-- tearDown -->
      </class> <!-- Com.Demosite.testCases.Tc_LoginTest_001 -->
    </test> <!-- Demosite Test -->
  </suite> <!-- TestNGFrame -->
</testng-results>
